<?xml version="1.0" encoding="UTF-8"?>
<!-- Generated by org.testng.reporters.JUnitXMLReporter -->
<testsuite ignored="0" hostname="QT-INNO-LT1420" failures="0" tests="6" name="Default test" time="184.732" errors="0" timestamp="2022-02-07T18:29:09 IST">
  <testcase classname="newSetUp.newUp.EnvironmentPageTest" name="pageTitle" time="0.028"/>
  <testcase classname="newSetUp.newUp.EnvironmentPageTest" name="environmentPage" time="2.303"/>
  <testcase classname="newSetUp.newUp.EnvironmentPageTest" name="createEnvironment" time="2.213"/>
  <testcase classname="newSetUp.newUp.EnvironmentPageTest" name="runEnvironment" time="23.194"/>
  <testcase classname="newSetUp.newUp.EnvironmentPageTest" name="suspendEnvironment" time="33.877"/>
  <testcase classname="newSetUp.newUp.EnvironmentPageTest" name="shutdownEnvironment" time="87.011"/>
</testsuite> <!-- Default test -->
