<?xml version="1.0" encoding="UTF-8"?>
<!-- Generated by org.testng.reporters.JUnitXMLReporter -->
<testsuite ignored="1" hostname="QT-INNO-LT1420" failures="0" tests="9" name="Test" time="0.353" errors="0" timestamp="2022-02-01T14:21:23 IST">
  <testcase classname="newSetUp.newUp.ProjectPageTest" name="@BeforeTest setUp" time="0.038">
    <failure type="java.lang.IllegalStateException" message="The driver executable does not exist: C:\Users\autoadmin\Desktop\chromedriver.exe">
      <![CDATA[java.lang.IllegalStateException: The driver executable does not exist: C:\Users\autoadmin\Desktop\chromedriver.exe
at com.google.common.base.Preconditions.checkState(Preconditions.java:585)
at org.openqa.selenium.remote.service.DriverService.checkExecutable(DriverService.java:146)
at org.openqa.selenium.remote.service.DriverService.findExecutable(DriverService.java:141)
at org.openqa.selenium.chrome.ChromeDriverService.access$000(ChromeDriverService.java:35)
at org.openqa.selenium.chrome.ChromeDriverService$Builder.findDefaultExecutable(ChromeDriverService.java:159)
at org.openqa.selenium.remote.service.DriverService$Builder.build(DriverService.java:355)
at org.openqa.selenium.chrome.ChromeDriverService.createDefaultService(ChromeDriverService.java:94)
at org.openqa.selenium.chrome.ChromeDriver.<init>(ChromeDriver.java:123)
at BaseClass.BaseClass.initialization(BaseClass.java:66)
at newSetUp.newUp.ProjectPageTest.setUp(ProjectPageTest.java:41)
... Removed 24 stack frames]]>
    </failure>
  </testcase> <!-- @BeforeTest setUp -->
  <testcase classname="newSetUp.newUp.LoginPageTest" name="@BeforeMethod setUp" time="-1.643705483475E9">
    <skipped/>
  </testcase> <!-- @BeforeMethod setUp -->
  <testcase classname="newSetUp.newUp.LoginPageTest" name="@BeforeMethod setUp" time="-1.643705483487E9">
    <skipped/>
  </testcase> <!-- @BeforeMethod setUp -->
  <testcase classname="newSetUp.newUp.LoginPageTest" name="@AfterTest afterMethod" time="-1.643705483514E9">
    <skipped/>
  </testcase> <!-- @AfterTest afterMethod -->
  <testcase classname="newSetUp.newUp.ProjectPageTest" name="@AfterTest lastTest" time="-1.643705483515E9">
    <skipped/>
  </testcase> <!-- @AfterTest lastTest -->
  <testcase classname="newSetUp.newUp.LoginPageTest" name="pageTitle" time="0.0">
    <skipped/>
  </testcase> <!-- pageTitle -->
  <testcase classname="newSetUp.newUp.LoginPageTest" name="loginApplication" time="0.0">
    <skipped/>
  </testcase> <!-- loginApplication -->
  <testcase classname="newSetUp.newUp.ProjectPageTest" name="createProject" time="0.0">
    <skipped/>
  </testcase> <!-- createProject -->
  <testcase classname="newSetUp.newUp.ProjectPageTest" name="addEnvironmentToProject" time="0.0">
    <skipped/>
  </testcase> <!-- addEnvironmentToProject -->
  <testcase classname="newSetUp.newUp.ProjectPageTest" name="addTemplateToProject" time="0.0">
    <skipped/>
  </testcase> <!-- addTemplateToProject -->
  <testcase classname="newSetUp.newUp.ProjectPageTest" name="addAssetToProject" time="0.0">
    <skipped/>
  </testcase> <!-- addAssetToProject -->
  <testcase classname="newSetUp.newUp.ProjectPageTest" name="addGroupToProject" time="0.0">
    <skipped/>
  </testcase> <!-- addGroupToProject -->
  <testcase classname="newSetUp.newUp.ProjectPageTest" name="addUserToProject" time="0.0">
    <skipped/>
  </testcase> <!-- addUserToProject -->
  <testcase classname="newSetUp.newUp.ProjectPageTest" name="removeFromProject" time="0.0">
    <skipped/>
  </testcase> <!-- removeFromProject -->
  <testcase classname="newSetUp.newUp.LoginPageTest" name="loginPage" time="0.0">
    <ignored/>
  </testcase> <!-- loginPage -->
</testsuite> <!-- Test -->
