<?xml version="1.0" encoding="UTF-8"?>
<!-- Generated by org.testng.reporters.JUnitXMLReporter -->
<testsuite ignored="1" hostname="QT-INNO-LT1420" failures="0" tests="10" name="Test" time="50.009" errors="0" timestamp="2022-02-02T17:44:21 IST">
  <testcase classname="newSetUp.newUp.SchedulePageTest" name="@BeforeTest setUp" time="27.277">
    <failure type="java.lang.Error" message="Unresolved compilation problems: 
	The import com.Sky cannot be resolved
	The import com.gargoylesoftware cannot be resolved
	BaseClass cannot be resolved to a type
	driver cannot be resolved to a variable
	driver cannot be resolved to a variable
	driver cannot be resolved to a variable
	driver cannot be resolved to a variable
">
      <![CDATA[java.lang.Error: Unresolved compilation problems: 
The import com.Sky cannot be resolved
The import com.gargoylesoftware cannot be resolved
BaseClass cannot be resolved to a type
driver cannot be resolved to a variable
driver cannot be resolved to a variable
driver cannot be resolved to a variable
driver cannot be resolved to a variable

at newSetUp.newUp.SchedulePage.<init>(SchedulePage.java:29)
at newSetUp.newUp.SchedulePageTest.setUp(SchedulePageTest.java:43)
... Removed 24 stack frames]]>
    </failure>
  </testcase> <!-- @BeforeTest setUp -->
  <testcase classname="newSetUp.newUp.LoginPageTest" name="@BeforeMethod setUp" time="-1.643804061587E9">
    <skipped/>
  </testcase> <!-- @BeforeMethod setUp -->
  <testcase classname="newSetUp.newUp.LoginPageTest" name="@BeforeMethod setUp" time="-1.643804061598E9">
    <skipped/>
  </testcase> <!-- @BeforeMethod setUp -->
  <testcase classname="newSetUp.newUp.LoginPageTest" name="@AfterTest afterMethod" time="-1.643804061636E9">
    <skipped/>
  </testcase> <!-- @AfterTest afterMethod -->
  <testcase classname="newSetUp.newUp.ProjectPageTest" name="@AfterTest lastTest" time="-1.643804061637E9">
    <skipped/>
  </testcase> <!-- @AfterTest lastTest -->
  <testcase classname="newSetUp.newUp.SchedulePageTest" name="@AfterTest lastTest" time="-1.643804061637E9">
    <skipped/>
  </testcase> <!-- @AfterTest lastTest -->
  <testcase classname="newSetUp.newUp.LoginPageTest" name="pageTitle" time="0.0">
    <skipped/>
  </testcase> <!-- pageTitle -->
  <testcase classname="newSetUp.newUp.LoginPageTest" name="loginApplication" time="0.0">
    <skipped/>
  </testcase> <!-- loginApplication -->
  <testcase classname="newSetUp.newUp.ProjectPageTest" name="createProject" time="0.0">
    <skipped/>
  </testcase> <!-- createProject -->
  <testcase classname="newSetUp.newUp.ProjectPageTest" name="addEnvironmentToProject" time="0.0">
    <skipped/>
  </testcase> <!-- addEnvironmentToProject -->
  <testcase classname="newSetUp.newUp.ProjectPageTest" name="addTemplateToProject" time="0.0">
    <skipped/>
  </testcase> <!-- addTemplateToProject -->
  <testcase classname="newSetUp.newUp.ProjectPageTest" name="addAssetToProject" time="0.0">
    <skipped/>
  </testcase> <!-- addAssetToProject -->
  <testcase classname="newSetUp.newUp.ProjectPageTest" name="addGroupToProject" time="0.0">
    <skipped/>
  </testcase> <!-- addGroupToProject -->
  <testcase classname="newSetUp.newUp.ProjectPageTest" name="addUserToProject" time="0.0">
    <skipped/>
  </testcase> <!-- addUserToProject -->
  <testcase classname="newSetUp.newUp.ProjectPageTest" name="removeFromProject" time="0.0">
    <skipped/>
  </testcase> <!-- removeFromProject -->
  <testcase classname="newSetUp.newUp.SchedulePageTest" name="createSchedule" time="0.0">
    <skipped/>
  </testcase> <!-- createSchedule -->
  <testcase classname="newSetUp.newUp.LoginPageTest" name="loginPage" time="0.0">
    <ignored/>
  </testcase> <!-- loginPage -->
</testsuite> <!-- Test -->
