<?xml version="1.0" encoding="UTF-8"?>
<!-- Generated by org.testng.reporters.JUnitXMLReporter -->
<testsuite ignored="1" hostname="QT-INNO-LT1420" failures="0" tests="16" name="Test" time="27.412" errors="0" timestamp="2022-02-09T12:44:00 IST">
  <testcase classname="newSetUp.newUp.EnvironmentPageTest" name="@BeforeTest reportSetUp" time="27.055">
    <failure type="org.openqa.selenium.NoSuchWindowException" message="no such window: target window already closed
from unknown error: web view not found
  (Session info: chrome=97.0.4692.99)
Build info: version: &amp;apos;3.141.59&amp;apos;, revision: &amp;apos;e82be7d358&amp;apos;, time: &amp;apos;2018-11-14T08:17:03&amp;apos;
System info: host: &amp;apos;QT-INNO-LT1420&amp;apos;, ip: &amp;apos;192.168.1.32&amp;apos;, os.name: &amp;apos;Windows 10&amp;apos;, os.arch: &amp;apos;amd64&amp;apos;, os.version: &amp;apos;10.0&amp;apos;, java.version: &amp;apos;17.0.1&amp;apos;
Driver info: org.openqa.selenium.chrome.ChromeDriver
Capabilities {acceptInsecureCerts: false, browserName: chrome, browserVersion: 97.0.4692.99, chrome: {chromedriverVersion: 97.0.4692.71 (adefa7837d02a..., userDataDir: C:\Users\ROHIT~1.SAI\AppDat...}, goog:chromeOptions: {debuggerAddress: localhost:62793}, javascriptEnabled: true, networkConnectionEnabled: false, pageLoadStrategy: normal, platform: WINDOWS, platformName: WINDOWS, proxy: Proxy(), setWindowRect: true, strictFileInteractability: false, timeouts: {implicit: 0, pageLoad: 300000, script: 30000}, unhandledPromptBehavior: dismiss and notify, webauthn:extension:credBlob: true, webauthn:extension:largeBlob: true, webauthn:virtualAuthenticators: true}
Session ID: 800a2506ffbed1d02ba6814ad9109682
*** Element info: {Using=css selector, value=button.cookie-banner__accept-button}">
      <![CDATA[org.openqa.selenium.NoSuchWindowException: no such window: target window already closed
from unknown error: web view not found
  (Session info: chrome=97.0.4692.99)
Build info: version: '3.141.59', revision: 'e82be7d358', time: '2018-11-14T08:17:03'
System info: host: 'QT-INNO-LT1420', ip: '192.168.1.32', os.name: 'Windows 10', os.arch: 'amd64', os.version: '10.0', java.version: '17.0.1'
Driver info: org.openqa.selenium.chrome.ChromeDriver
Capabilities {acceptInsecureCerts: false, browserName: chrome, browserVersion: 97.0.4692.99, chrome: {chromedriverVersion: 97.0.4692.71 (adefa7837d02a..., userDataDir: C:\Users\ROHIT~1.SAI\AppDat...}, goog:chromeOptions: {debuggerAddress: localhost:62793}, javascriptEnabled: true, networkConnectionEnabled: false, pageLoadStrategy: normal, platform: WINDOWS, platformName: WINDOWS, proxy: Proxy(), setWindowRect: true, strictFileInteractability: false, timeouts: {implicit: 0, pageLoad: 300000, script: 30000}, unhandledPromptBehavior: dismiss and notify, webauthn:extension:credBlob: true, webauthn:extension:largeBlob: true, webauthn:virtualAuthenticators: true}
Session ID: 800a2506ffbed1d02ba6814ad9109682
*** Element info: {Using=css selector, value=button.cookie-banner__accept-button}
at org.openqa.selenium.remote.http.W3CHttpResponseCodec.createException(W3CHttpResponseCodec.java:187)
at org.openqa.selenium.remote.http.W3CHttpResponseCodec.decode(W3CHttpResponseCodec.java:122)
at org.openqa.selenium.remote.http.W3CHttpResponseCodec.decode(W3CHttpResponseCodec.java:49)
at org.openqa.selenium.remote.HttpCommandExecutor.execute(HttpCommandExecutor.java:158)
at org.openqa.selenium.remote.service.DriverCommandExecutor.execute(DriverCommandExecutor.java:83)
at org.openqa.selenium.remote.RemoteWebDriver.execute(RemoteWebDriver.java:552)
at org.openqa.selenium.remote.RemoteWebDriver.findElement(RemoteWebDriver.java:323)
at org.openqa.selenium.remote.RemoteWebDriver.findElementByCssSelector(RemoteWebDriver.java:420)
at org.openqa.selenium.By$ByCssSelector.findElement(By.java:431)
at org.openqa.selenium.remote.RemoteWebDriver.findElement(RemoteWebDriver.java:315)
at BaseClass.BaseClass.initialization(BaseClass.java:72)
at newSetUp.newUp.EnvironmentPageTest.reportSetUp(EnvironmentPageTest.java:44)
... Removed 29 stack frames]]>
    </failure>
  </testcase> <!-- @BeforeTest reportSetUp -->
  <testcase classname="newSetUp.newUp.ProjectPageTest" name="@BeforeTest setUp" time="-1.644390840246E9">
    <skipped/>
  </testcase> <!-- @BeforeTest setUp -->
  <testcase classname="newSetUp.newUp.SchedulePageTest" name="@BeforeTest setUp" time="-1.644390840247E9">
    <skipped/>
  </testcase> <!-- @BeforeTest setUp -->
  <testcase classname="newSetUp.newUp.AssetPageTest" name="@BeforeMethod setUp" time="-1.644390840314E9">
    <skipped/>
  </testcase> <!-- @BeforeMethod setUp -->
  <testcase classname="newSetUp.newUp.AssetPageTest" name="@BeforeMethod setUp" time="-1.64439084032E9">
    <skipped/>
  </testcase> <!-- @BeforeMethod setUp -->
  <testcase classname="newSetUp.newUp.AssetPageTest" name="@AfterTest closeSession" time="-1.644390840357E9">
    <skipped/>
  </testcase> <!-- @AfterTest closeSession -->
  <testcase classname="newSetUp.newUp.EnvironmentPageTest" name="@AfterTest afterMethod" time="-1.644390840358E9">
    <skipped/>
  </testcase> <!-- @AfterTest afterMethod -->
  <testcase classname="newSetUp.newUp.ProjectPageTest" name="@AfterTest lastTest" time="-1.644390840358E9">
    <skipped/>
  </testcase> <!-- @AfterTest lastTest -->
  <testcase classname="newSetUp.newUp.SchedulePageTest" name="@AfterTest lastTest" time="-1.644390840359E9">
    <skipped/>
  </testcase> <!-- @AfterTest lastTest -->
  <testcase classname="newSetUp.newUp.EnvironmentPageTest" name="pageTitle" time="0.0">
    <skipped/>
  </testcase> <!-- pageTitle -->
  <testcase classname="newSetUp.newUp.EnvironmentPageTest" name="environmentPage" time="0.0">
    <skipped/>
  </testcase> <!-- environmentPage -->
  <testcase classname="newSetUp.newUp.EnvironmentPageTest" name="createEnvironment" time="0.0">
    <skipped/>
  </testcase> <!-- createEnvironment -->
  <testcase classname="newSetUp.newUp.EnvironmentPageTest" name="runEnvironment" time="0.0">
    <skipped/>
  </testcase> <!-- runEnvironment -->
  <testcase classname="newSetUp.newUp.EnvironmentPageTest" name="suspendEnvironment" time="0.0">
    <skipped/>
  </testcase> <!-- suspendEnvironment -->
  <testcase classname="newSetUp.newUp.EnvironmentPageTest" name="shutdownEnvironment" time="0.0">
    <skipped/>
  </testcase> <!-- shutdownEnvironment -->
  <testcase classname="newSetUp.newUp.AssetPageTest" name="navigateToUploadassetPage" time="0.0">
    <skipped/>
  </testcase> <!-- navigateToUploadassetPage -->
  <testcase classname="newSetUp.newUp.AssetPageTest" name="moreOptionDropDown" time="0.0">
    <skipped/>
  </testcase> <!-- moreOptionDropDown -->
  <testcase classname="newSetUp.newUp.ProjectPageTest" name="createProject" time="0.0">
    <skipped/>
  </testcase> <!-- createProject -->
  <testcase classname="newSetUp.newUp.ProjectPageTest" name="addEnvironmentToProject" time="0.0">
    <skipped/>
  </testcase> <!-- addEnvironmentToProject -->
  <testcase classname="newSetUp.newUp.ProjectPageTest" name="addTemplateToProject" time="0.0">
    <skipped/>
  </testcase> <!-- addTemplateToProject -->
  <testcase classname="newSetUp.newUp.ProjectPageTest" name="addAssetToProject" time="0.0">
    <skipped/>
  </testcase> <!-- addAssetToProject -->
  <testcase classname="newSetUp.newUp.ProjectPageTest" name="addGroupToProject" time="0.001">
    <skipped/>
  </testcase> <!-- addGroupToProject -->
  <testcase classname="newSetUp.newUp.ProjectPageTest" name="addUserToProject" time="0.0">
    <skipped/>
  </testcase> <!-- addUserToProject -->
  <testcase classname="newSetUp.newUp.ProjectPageTest" name="removeFromProject" time="0.0">
    <skipped/>
  </testcase> <!-- removeFromProject -->
  <testcase classname="newSetUp.newUp.SchedulePageTest" name="createSchedule" time="0.0">
    <skipped/>
  </testcase> <!-- createSchedule -->
  <testcase classname="newSetUp.newUp.AssetPageTest" name="downloadAsset" time="0.0">
    <ignored/>
  </testcase> <!-- downloadAsset -->
</testsuite> <!-- Test -->
