<?xml version="1.0" encoding="UTF-8"?>
<!-- Generated by org.testng.reporters.JUnitXMLReporter -->
<testsuite ignored="1" hostname="QT-INNO-LT1420" failures="0" tests="9" name="Test" time="298.675" errors="0" timestamp="2022-02-08T16:24:41 IST">
  <testcase classname="newSetUp.newUp.LoginPageTest" name="pageTitle" time="0.021"/>
  <testcase classname="newSetUp.newUp.LoginPageTest" name="loginApplication" time="2.63"/>
  <testcase classname="newSetUp.newUp.SchedulePageTest" name="createSchedule" time="17.596"/>
  <testcase classname="newSetUp.newUp.EnvironmentPageTest" name="pageTitle" time="0.007"/>
  <testcase classname="newSetUp.newUp.EnvironmentPageTest" name="environmentPage" time="4.095"/>
  <testcase classname="newSetUp.newUp.EnvironmentPageTest" name="createEnvironment" time="2.479"/>
  <testcase classname="newSetUp.newUp.EnvironmentPageTest" name="runEnvironment" time="11.246"/>
  <testcase classname="newSetUp.newUp.EnvironmentPageTest" name="suspendEnvironment" time="54.259"/>
  <testcase classname="newSetUp.newUp.EnvironmentPageTest" name="shutdownEnvironment" time="129.332"/>
  <testcase classname="newSetUp.newUp.LoginPageTest" name="loginPage" time="0.0">
    <ignored/>
  </testcase> <!-- loginPage -->
</testsuite> <!-- Test -->
