<?xml version="1.0" encoding="UTF-8"?>
<!-- Generated by org.testng.reporters.JUnitXMLReporter -->
<testsuite ignored="1" hostname="QT-INNO-LT1420" failures="0" tests="2" name="Test" time="53.343" errors="0" timestamp="2022-01-29T19:56:01 IST">
  <testcase classname="newSetUp.newUp.LoginPageTest" name="pageTitle" time="0.023"/>
  <testcase classname="newSetUp.newUp.LoginPageTest" name="loginApplication" time="7.828"/>
  <testcase classname="newSetUp.newUp.LoginPageTest" name="loginPage" time="0.0">
    <ignored/>
  </testcase> <!-- loginPage -->
</testsuite> <!-- Test -->
