<?xml version="1.0" encoding="UTF-8"?>
<!-- Generated by org.testng.reporters.JUnitXMLReporter -->
<testsuite ignored="2" hostname="QT-INNO-LT1420" failures="0" tests="21" name="Test" time="20.751" errors="0" timestamp="2022-05-04T16:38:29 IST">
  <testcase classname="newSetUp.newUp.EnvironmentPageTest" name="@BeforeTest reportSetUp" time="20.371">
    <failure type="org.openqa.selenium.NoSuchWindowException" message="no such window: target window already closed
from unknown error: web view not found
  (Session info: chrome=100.0.4896.127)
Build info: version: &amp;apos;3.141.59&amp;apos;, revision: &amp;apos;e82be7d358&amp;apos;, time: &amp;apos;2018-11-14T08:17:03&amp;apos;
System info: host: &amp;apos;QT-INNO-LT1420&amp;apos;, ip: &amp;apos;192.168.1.32&amp;apos;, os.name: &amp;apos;Windows 10&amp;apos;, os.arch: &amp;apos;amd64&amp;apos;, os.version: &amp;apos;10.0&amp;apos;, java.version: &amp;apos;17.0.1&amp;apos;
Driver info: org.openqa.selenium.chrome.ChromeDriver
Capabilities {acceptInsecureCerts: false, browserName: chrome, browserVersion: 100.0.4896.127, chrome: {chromedriverVersion: 100.0.4896.60 (6a5d10861ce8..., userDataDir: C:\Users\ROHIT~1.SAI\AppDat...}, goog:chromeOptions: {debuggerAddress: localhost:50572}, javascriptEnabled: true, networkConnectionEnabled: false, pageLoadStrategy: normal, platform: WINDOWS, platformName: WINDOWS, proxy: Proxy(), setWindowRect: true, strictFileInteractability: false, timeouts: {implicit: 0, pageLoad: 300000, script: 30000}, unhandledPromptBehavior: dismiss and notify, webauthn:extension:credBlob: true, webauthn:extension:largeBlob: true, webauthn:virtualAuthenticators: true}
Session ID: 5cfa6955bf4318ec1c51774ffe1ffa24
*** Element info: {Using=css selector, value=button.cookie-banner__accept-button}">
      <![CDATA[org.openqa.selenium.NoSuchWindowException: no such window: target window already closed
from unknown error: web view not found
  (Session info: chrome=100.0.4896.127)
Build info: version: '3.141.59', revision: 'e82be7d358', time: '2018-11-14T08:17:03'
System info: host: 'QT-INNO-LT1420', ip: '192.168.1.32', os.name: 'Windows 10', os.arch: 'amd64', os.version: '10.0', java.version: '17.0.1'
Driver info: org.openqa.selenium.chrome.ChromeDriver
Capabilities {acceptInsecureCerts: false, browserName: chrome, browserVersion: 100.0.4896.127, chrome: {chromedriverVersion: 100.0.4896.60 (6a5d10861ce8..., userDataDir: C:\Users\ROHIT~1.SAI\AppDat...}, goog:chromeOptions: {debuggerAddress: localhost:50572}, javascriptEnabled: true, networkConnectionEnabled: false, pageLoadStrategy: normal, platform: WINDOWS, platformName: WINDOWS, proxy: Proxy(), setWindowRect: true, strictFileInteractability: false, timeouts: {implicit: 0, pageLoad: 300000, script: 30000}, unhandledPromptBehavior: dismiss and notify, webauthn:extension:credBlob: true, webauthn:extension:largeBlob: true, webauthn:virtualAuthenticators: true}
Session ID: 5cfa6955bf4318ec1c51774ffe1ffa24
*** Element info: {Using=css selector, value=button.cookie-banner__accept-button}
at org.openqa.selenium.remote.http.W3CHttpResponseCodec.createException(W3CHttpResponseCodec.java:187)
at org.openqa.selenium.remote.http.W3CHttpResponseCodec.decode(W3CHttpResponseCodec.java:122)
at org.openqa.selenium.remote.http.W3CHttpResponseCodec.decode(W3CHttpResponseCodec.java:49)
at org.openqa.selenium.remote.HttpCommandExecutor.execute(HttpCommandExecutor.java:158)
at org.openqa.selenium.remote.service.DriverCommandExecutor.execute(DriverCommandExecutor.java:83)
at org.openqa.selenium.remote.RemoteWebDriver.execute(RemoteWebDriver.java:552)
at org.openqa.selenium.remote.RemoteWebDriver.findElement(RemoteWebDriver.java:323)
at org.openqa.selenium.remote.RemoteWebDriver.findElementByCssSelector(RemoteWebDriver.java:420)
at org.openqa.selenium.By$ByCssSelector.findElement(By.java:431)
at org.openqa.selenium.remote.RemoteWebDriver.findElement(RemoteWebDriver.java:315)
at BaseClass.BaseClass.initialization(BaseClass.java:73)
at newSetUp.newUp.EnvironmentPageTest.reportSetUp(EnvironmentPageTest.java:45)
... Removed 29 stack frames]]>
    </failure>
  </testcase> <!-- @BeforeTest reportSetUp -->
  <testcase classname="newSetUp.newUp.GroupTest" name="@BeforeTest setUp" time="-1.651662509232E9">
    <skipped/>
  </testcase> <!-- @BeforeTest setUp -->
  <testcase classname="newSetUp.newUp.ProjectPageTest" name="@BeforeTest setUp" time="-1.651662509233E9">
    <skipped/>
  </testcase> <!-- @BeforeTest setUp -->
  <testcase classname="newSetUp.newUp.SchedulePageTest" name="@BeforeTest setUp" time="-1.651662509234E9">
    <skipped/>
  </testcase> <!-- @BeforeTest setUp -->
  <testcase classname="newSetUp.newUp.GroupTest" name="@AfterClass lastTest" time="-1.651662509309E9">
    <skipped/>
  </testcase> <!-- @AfterClass lastTest -->
  <testcase classname="newSetUp.newUp.ProjectPageTest" name="@AfterClass lastTest" time="-1.651662509338E9">
    <skipped/>
  </testcase> <!-- @AfterClass lastTest -->
  <testcase classname="newSetUp.newUp.SchedulePageTest" name="@AfterClass lastTest" time="-1.651662509343E9">
    <skipped/>
  </testcase> <!-- @AfterClass lastTest -->
  <testcase classname="newSetUp.newUp.AssetPageTest" name="@BeforeMethod setUp" time="-1.651662509345E9">
    <skipped/>
  </testcase> <!-- @BeforeMethod setUp -->
  <testcase classname="newSetUp.newUp.AssetPageTest" name="@BeforeMethod setUp" time="-1.65166250935E9">
    <skipped/>
  </testcase> <!-- @BeforeMethod setUp -->
  <testcase classname="newSetUp.newUp.AssetPageTest" name="@AfterClass lastTest" time="-1.651662509354E9">
    <skipped/>
  </testcase> <!-- @AfterClass lastTest -->
  <testcase classname="newSetUp.newUp.LoginPageTest" name="@BeforeMethod setUp" time="-1.651662509354E9">
    <skipped/>
  </testcase> <!-- @BeforeMethod setUp -->
  <testcase classname="newSetUp.newUp.LoginPageTest" name="@BeforeMethod setUp" time="-1.651662509358E9">
    <skipped/>
  </testcase> <!-- @BeforeMethod setUp -->
  <testcase classname="newSetUp.newUp.LoginPageTest" name="@AfterClass afterMethod" time="-1.651662509362E9">
    <skipped/>
  </testcase> <!-- @AfterClass afterMethod -->
  <testcase classname="newSetUp.newUp.EnvironmentPageTest" name="@AfterClass afterMethod" time="-1.651662509383E9">
    <skipped/>
  </testcase> <!-- @AfterClass afterMethod -->
  <testcase classname="newSetUp.newUp.GroupTest" name="createGroup" time="0.0">
    <skipped/>
  </testcase> <!-- createGroup -->
  <testcase classname="newSetUp.newUp.GroupTest" name="addResurces" time="0.0">
    <skipped/>
  </testcase> <!-- addResurces -->
  <testcase classname="newSetUp.newUp.GroupTest" name="removeResources" time="0.0">
    <skipped/>
  </testcase> <!-- removeResources -->
  <testcase classname="newSetUp.newUp.ProjectPageTest" name="createProject" time="0.0">
    <skipped/>
  </testcase> <!-- createProject -->
  <testcase classname="newSetUp.newUp.ProjectPageTest" name="addEnvironmentToProject" time="0.0">
    <skipped/>
  </testcase> <!-- addEnvironmentToProject -->
  <testcase classname="newSetUp.newUp.ProjectPageTest" name="addTemplateToProject" time="0.0">
    <skipped/>
  </testcase> <!-- addTemplateToProject -->
  <testcase classname="newSetUp.newUp.ProjectPageTest" name="addAssetToProject" time="0.0">
    <skipped/>
  </testcase> <!-- addAssetToProject -->
  <testcase classname="newSetUp.newUp.ProjectPageTest" name="addGroupToProject" time="0.0">
    <skipped/>
  </testcase> <!-- addGroupToProject -->
  <testcase classname="newSetUp.newUp.ProjectPageTest" name="addUserToProject" time="0.0">
    <skipped/>
  </testcase> <!-- addUserToProject -->
  <testcase classname="newSetUp.newUp.ProjectPageTest" name="removeFromProject" time="0.0">
    <skipped/>
  </testcase> <!-- removeFromProject -->
  <testcase classname="newSetUp.newUp.SchedulePageTest" name="createSchedule" time="0.0">
    <skipped/>
  </testcase> <!-- createSchedule -->
  <testcase classname="newSetUp.newUp.AssetPageTest" name="navigateToUploadassetPage" time="0.0">
    <skipped/>
  </testcase> <!-- navigateToUploadassetPage -->
  <testcase classname="newSetUp.newUp.AssetPageTest" name="moreOptionDropDown" time="0.0">
    <skipped/>
  </testcase> <!-- moreOptionDropDown -->
  <testcase classname="newSetUp.newUp.LoginPageTest" name="pageTitle" time="0.0">
    <skipped/>
  </testcase> <!-- pageTitle -->
  <testcase classname="newSetUp.newUp.LoginPageTest" name="loginApplication" time="0.0">
    <skipped/>
  </testcase> <!-- loginApplication -->
  <testcase classname="newSetUp.newUp.EnvironmentPageTest" name="pageTitle" time="0.0">
    <skipped/>
  </testcase> <!-- pageTitle -->
  <testcase classname="newSetUp.newUp.EnvironmentPageTest" name="environmentPage" time="0.0">
    <skipped/>
  </testcase> <!-- environmentPage -->
  <testcase classname="newSetUp.newUp.EnvironmentPageTest" name="createEnvironment" time="0.0">
    <skipped/>
  </testcase> <!-- createEnvironment -->
  <testcase classname="newSetUp.newUp.EnvironmentPageTest" name="runEnvironment" time="0.0">
    <skipped/>
  </testcase> <!-- runEnvironment -->
  <testcase classname="newSetUp.newUp.EnvironmentPageTest" name="suspendEnvironment" time="0.0">
    <skipped/>
  </testcase> <!-- suspendEnvironment -->
  <testcase classname="newSetUp.newUp.EnvironmentPageTest" name="shutdownEnvironment" time="0.0">
    <skipped/>
  </testcase> <!-- shutdownEnvironment -->
  <testcase classname="newSetUp.newUp.AssetPageTest" name="downloadAsset" time="0.0">
    <ignored/>
  </testcase> <!-- downloadAsset -->
  <testcase classname="newSetUp.newUp.LoginPageTest" name="loginPage" time="0.0">
    <ignored/>
  </testcase> <!-- loginPage -->
</testsuite> <!-- Test -->
