<?xml version="1.0" encoding="UTF-8"?>
<testng-results ignored="0" total="1" passed="1" failed="0" skipped="0">
  <reporter-output>
  </reporter-output>
  <suite started-at="2022-01-28T01:01:08 PST" name="Suite" finished-at="2022-01-28T01:01:11 PST" duration-ms="2815">
    <groups>
    </groups>
    <test started-at="2022-01-28T01:01:08 PST" name="Test" finished-at="2022-01-28T01:01:11 PST" duration-ms="2815">
      <class name="newSetUp.newUp.LoginPage">
        <test-method signature="loginPage()[pri:0, instance:newSetUp.newUp.LoginPage@38102d01]" started-at="2022-01-28T01:01:08 PST" name="loginPage" finished-at="2022-01-28T01:01:11 PST" duration-ms="2783" status="PASS">
          <reporter-output>
          </reporter-output>
        </test-method> <!-- loginPage -->
      </class> <!-- newSetUp.newUp.LoginPage -->
    </test> <!-- Test -->
  </suite> <!-- Suite -->
</testng-results>
